Performing C SOURCE FILE Test CMAKE_HAVE_LIBC_PTHREAD failed with the following output:
Change Dir: /home/bayimaung/cicii_ws/src/Yolov3-Robotis/build/CMakeFiles/CMakeTmp

Run Build Command(s):/usr/bin/make cmTC_d7d9f/fast && /usr/bin/make -f CMakeFiles/cmTC_d7d9f.dir/build.make CMakeFiles/cmTC_d7d9f.dir/build
make[1]: Entering directory '/home/bayimaung/cicii_ws/src/Yolov3-Robotis/build/CMakeFiles/CMakeTmp'
Building C object CMakeFiles/cmTC_d7d9f.dir/src.c.o
/usr/bin/gcc   -DCMAKE_HAVE_LIBC_PTHREAD   -o CMakeFiles/cmTC_d7d9f.dir/src.c.o   -c /home/bayimaung/cicii_ws/src/Yolov3-Robotis/build/CMakeFiles/CMakeTmp/src.c
Linking C executable cmTC_d7d9f
/usr/bin/cmake -E cmake_link_script CMakeFiles/cmTC_d7d9f.dir/link.txt --verbose=1
/usr/bin/gcc  -DCMAKE_HAVE_LIBC_PTHREAD    CMakeFiles/cmTC_d7d9f.dir/src.c.o  -o cmTC_d7d9f 
/usr/bin/ld: CMakeFiles/cmTC_d7d9f.dir/src.c.o: in function `main':
src.c:(.text+0x46): undefined reference to `pthread_create'
/usr/bin/ld: src.c:(.text+0x52): undefined reference to `pthread_detach'
/usr/bin/ld: src.c:(.text+0x63): undefined reference to `pthread_join'
collect2: error: ld returned 1 exit status
make[1]: *** [CMakeFiles/cmTC_d7d9f.dir/build.make:87: cmTC_d7d9f] Error 1
make[1]: Leaving directory '/home/bayimaung/cicii_ws/src/Yolov3-Robotis/build/CMakeFiles/CMakeTmp'
make: *** [Makefile:121: cmTC_d7d9f/fast] Error 2


Source file was:
#include <pthread.h>

void* test_func(void* data)
{
  return data;
}

int main(void)
{
  pthread_t thread;
  pthread_create(&thread, NULL, test_func, NULL);
  pthread_detach(thread);
  pthread_join(thread, NULL);
  pthread_atfork(NULL, NULL, NULL);
  pthread_exit(NULL);

  return 0;
}

Determining if the function pthread_create exists in the pthreads failed with the following output:
Change Dir: /home/bayimaung/cicii_ws/src/Yolov3-Robotis/build/CMakeFiles/CMakeTmp

Run Build Command(s):/usr/bin/make cmTC_5fc9e/fast && /usr/bin/make -f CMakeFiles/cmTC_5fc9e.dir/build.make CMakeFiles/cmTC_5fc9e.dir/build
make[1]: Entering directory '/home/bayimaung/cicii_ws/src/Yolov3-Robotis/build/CMakeFiles/CMakeTmp'
Building C object CMakeFiles/cmTC_5fc9e.dir/CheckFunctionExists.c.o
/usr/bin/gcc   -DCHECK_FUNCTION_EXISTS=pthread_create   -o CMakeFiles/cmTC_5fc9e.dir/CheckFunctionExists.c.o   -c /usr/share/cmake-3.16/Modules/CheckFunctionExists.c
Linking C executable cmTC_5fc9e
/usr/bin/cmake -E cmake_link_script CMakeFiles/cmTC_5fc9e.dir/link.txt --verbose=1
/usr/bin/gcc  -DCHECK_FUNCTION_EXISTS=pthread_create    CMakeFiles/cmTC_5fc9e.dir/CheckFunctionExists.c.o  -o cmTC_5fc9e  -lpthreads 
/usr/bin/ld: cannot find -lpthreads
collect2: error: ld returned 1 exit status
make[1]: *** [CMakeFiles/cmTC_5fc9e.dir/build.make:87: cmTC_5fc9e] Error 1
make[1]: Leaving directory '/home/bayimaung/cicii_ws/src/Yolov3-Robotis/build/CMakeFiles/CMakeTmp'
make: *** [Makefile:121: cmTC_5fc9e/fast] Error 2



